<?xml version="1.0" encoding="UTF-8"?>
<!-- Generated by org.testng.reporters.JUnitReportReporter -->
<testsuite skipped="0" hostname="DESKTOP-C0NTFRP" name="tests.Follow_UnfollowProfile" tests="2" failures="0" timestamp="2020-06-11T17:02:25 EET" time="79.307" errors="0">
  <testcase name="FollowAProfile" time="49.295" classname="tests.Follow_UnfollowProfile"/>
  <system-out/>
  <testcase name="UnFollowAProfile" time="30.012" classname="tests.Follow_UnfollowProfile"/>
  <system-out/>
</testsuite> <!-- tests.Follow_UnfollowProfile -->
