<?xml version="1.0" encoding="UTF-8"?>
<!-- Generated by org.testng.reporters.JUnitReportReporter -->
<testsuite skipped="0" hostname="DESKTOP-C0NTFRP" name="tests.ListenerSearchSong" tests="2" failures="0" timestamp="2020-04-08T17:01:56 EET" time="14.214" errors="0">
  <testcase name="SearchForExistingSong" time="6.323" classname="tests.ListenerSearchSong"/>
  <system-out/>
  <testcase name="SearchForNonExistingSong" time="7.891" classname="tests.ListenerSearchSong"/>
  <system-out/>
</testsuite> <!-- tests.ListenerSearchSong -->
