<?xml version="1.0" encoding="UTF-8"?>
<!-- Generated by org.testng.reporters.JUnitReportReporter -->
<testsuite skipped="0" hostname="DESKTOP-C0NTFRP" name="listenertests.ListenerSearchAlbum" tests="3" failures="0" timestamp="2020-03-20T21:56:23 EET" time="21.983" errors="0">
  <testcase name="ReachSearchInterface" time="9.096" classname="listenertests.ListenerSearchAlbum"/>
  <system-out/>
  <testcase name="SearchForExistingAlbum" time="5.795" classname="listenertests.ListenerSearchAlbum"/>
  <system-out/>
  <testcase name="SearchForNonExistingAlbum" time="7.092" classname="listenertests.ListenerSearchAlbum"/>
  <system-out/>
</testsuite> <!-- listenertests.ListenerSearchAlbum -->
