<?xml version="1.0" encoding="UTF-8"?>
<!-- Generated by org.testng.reporters.JUnitReportReporter -->
<testsuite skipped="0" hostname="DESKTOP-C0NTFRP" name="tests.ListenerFullScenario1" tests="1" failures="0" timestamp="2020-04-12T10:51:36 EET" time="28.984" errors="0">
  <testcase name="ListenerScenario1" time="28.984" classname="tests.ListenerFullScenario1"/>
  <system-out/>
</testsuite> <!-- tests.ListenerFullScenario1 -->
