<?xml version="1.0" encoding="UTF-8"?>
<!-- Generated by org.testng.reporters.JUnitReportReporter -->
<testsuite skipped="0" hostname="DESKTOP-C0NTFRP" name="tests.ArtistReachSearchInterface" tests="1" failures="0" timestamp="2020-04-08T15:50:44 EET" time="7.629" errors="0">
  <testcase name="ReachSearchInterface" time="7.629" classname="tests.ArtistReachSearchInterface"/>
  <system-out/>
</testsuite> <!-- tests.ArtistReachSearchInterface -->
