<?xml version="1.0" encoding="UTF-8"?>
<!-- Generated by org.testng.reporters.JUnitReportReporter -->
<testsuite skipped="0" hostname="DESKTOP-C0NTFRP" name="tests.ListenerSearchArtist" tests="2" failures="0" timestamp="2020-04-08T16:49:12 EET" time="14.309" errors="0">
  <testcase name="SearchForExistingArtist" time="6.905" classname="tests.ListenerSearchArtist"/>
  <system-out/>
  <testcase name="SearchForNonExistingArtist" time="7.404" classname="tests.ListenerSearchArtist"/>
  <system-out/>
</testsuite> <!-- tests.ListenerSearchArtist -->
