<?xml version="1.0" encoding="UTF-8"?>
<!-- Generated by org.testng.reporters.JUnitReportReporter -->
<testsuite skipped="0" hostname="DESKTOP-C0NTFRP" name="tests.ListenerReachSearchInterface" tests="1" failures="0" timestamp="2020-04-08T12:46:59 EET" time="7.598" errors="0">
  <testcase name="ReachSearchInterface" time="7.598" classname="tests.ListenerReachSearchInterface"/>
  <system-out/>
</testsuite> <!-- tests.ListenerReachSearchInterface -->
