<?xml version="1.0" encoding="UTF-8"?>
<!-- Generated by org.testng.reporters.JUnitReportReporter -->
<testsuite skipped="0" hostname="DESKTOP-C0NTFRP" name="tests.Demo" tests="1" failures="0" timestamp="2020-04-08T13:58:22 EET" time="2.838" errors="1">
  <testcase name="ReachSearchInterface" time="2.838" classname="tests.Demo">
    <error type="org.openqa.selenium.WebDriverException" message="An unknown server-side error occurred while processing the command. Original error: Cannot start the &#039;com.example.symphonia&#039; application. Visit https://github.com/appium/appium/blob/master/docs/en/writing-running-appium/android/activity-startup.md for troubleshooting. Original error: Activity name &#039;.MainActivity&#039; used to start the app doesn&#039;t exist or cannot be launched! Make sure it exists and is a launchable activity
Build info: version: &#039;3.141.59&#039;, revision: &#039;e82be7d358&#039;, time: &#039;2018-11-14T08:17:03&#039;
System info: host: &#039;DESKTOP-C0NTFRP&#039;, ip: &#039;192.168.56.1&#039;, os.name: &#039;Windows 10&#039;, os.arch: &#039;amd64&#039;, os.version: &#039;10.0&#039;, java.version: &#039;1.8.0_201&#039;
Driver info: io.appium.java_client.android.AndroidDriver
Capabilities {app: E:\Symphonia.apk, appPackage: com.example.symphonia, databaseEnabled: false, desired: {app: E:\Symphonia.apk, deviceName: JKM-LX1, newCommandTimeout: 120, platformName: android, platformVersion: 9, udid: DEFNW18C06002995}, deviceApiLevel: 28, deviceManufacturer: HUAWEI, deviceModel: JKM-LX1, deviceName: DEFNW18C06002995, deviceScreenDensity: 480, deviceScreenSize: 1080x2340, deviceUDID: DEFNW18C06002995, javascriptEnabled: true, locationContextEnabled: false, networkConnectionEnabled: true, newCommandTimeout: 120, pixelRatio: 3, platform: LINUX, platformName: ANDROID, platformVersion: 9, statBarHeight: 85, takesScreenshot: true, udid: DEFNW18C06002995, viewportRect: {height: 2052, left: 0, top: 85, width: 1080}, warnings: {}, webStorageEnabled: false}
Session ID: fde55590-c5c9-448f-be8b-98444c91d20b">
      <![CDATA[org.openqa.selenium.WebDriverException: An unknown server-side error occurred while processing the command. Original error: Cannot start the 'com.example.symphonia' application. Visit https://github.com/appium/appium/blob/master/docs/en/writing-running-appium/android/activity-startup.md for troubleshooting. Original error: Activity name '.MainActivity' used to start the app doesn't exist or cannot be launched! Make sure it exists and is a launchable activity
Build info: version: '3.141.59', revision: 'e82be7d358', time: '2018-11-14T08:17:03'
System info: host: 'DESKTOP-C0NTFRP', ip: '192.168.56.1', os.name: 'Windows 10', os.arch: 'amd64', os.version: '10.0', java.version: '1.8.0_201'
Driver info: io.appium.java_client.android.AndroidDriver
Capabilities {app: E:\Symphonia.apk, appPackage: com.example.symphonia, databaseEnabled: false, desired: {app: E:\Symphonia.apk, deviceName: JKM-LX1, newCommandTimeout: 120, platformName: android, platformVersion: 9, udid: DEFNW18C06002995}, deviceApiLevel: 28, deviceManufacturer: HUAWEI, deviceModel: JKM-LX1, deviceName: DEFNW18C06002995, deviceScreenDensity: 480, deviceScreenSize: 1080x2340, deviceUDID: DEFNW18C06002995, javascriptEnabled: true, locationContextEnabled: false, networkConnectionEnabled: true, newCommandTimeout: 120, pixelRatio: 3, platform: LINUX, platformName: ANDROID, platformVersion: 9, statBarHeight: 85, takesScreenshot: true, udid: DEFNW18C06002995, viewportRect: {height: 2052, left: 0, top: 85, width: 1080}, warnings: {}, webStorageEnabled: false}
Session ID: fde55590-c5c9-448f-be8b-98444c91d20b
at sun.reflect.NativeConstructorAccessorImpl.newInstance0(Native Method)
at sun.reflect.NativeConstructorAccessorImpl.newInstance(Unknown Source)
at sun.reflect.DelegatingConstructorAccessorImpl.newInstance(Unknown Source)
at java.lang.reflect.Constructor.newInstance(Unknown Source)
at org.openqa.selenium.remote.http.W3CHttpResponseCodec.createException(W3CHttpResponseCodec.java:187)
at org.openqa.selenium.remote.http.W3CHttpResponseCodec.decode(W3CHttpResponseCodec.java:122)
at org.openqa.selenium.remote.http.W3CHttpResponseCodec.decode(W3CHttpResponseCodec.java:49)
at org.openqa.selenium.remote.HttpCommandExecutor.execute(HttpCommandExecutor.java:158)
at io.appium.java_client.remote.AppiumCommandExecutor.execute(AppiumCommandExecutor.java:239)
at org.openqa.selenium.remote.RemoteWebDriver.execute(RemoteWebDriver.java:552)
at io.appium.java_client.DefaultGenericMobileDriver.execute(DefaultGenericMobileDriver.java:41)
at io.appium.java_client.AppiumDriver.execute(AppiumDriver.java:1)
at io.appium.java_client.android.AndroidDriver.execute(AndroidDriver.java:1)
at io.appium.java_client.CommandExecutionHelper.execute(CommandExecutionHelper.java:27)
at io.appium.java_client.android.StartsActivity.startActivity(StartsActivity.java:45)
at tests.Demo.ReachSearchInterface(Demo.java:16)
at sun.reflect.NativeMethodAccessorImpl.invoke0(Native Method)
at sun.reflect.NativeMethodAccessorImpl.invoke(Unknown Source)
at sun.reflect.DelegatingMethodAccessorImpl.invoke(Unknown Source)
at java.lang.reflect.Method.invoke(Unknown Source)
at org.testng.internal.MethodInvocationHelper.invokeMethod(MethodInvocationHelper.java:134)
at org.testng.internal.TestInvoker.invokeMethod(TestInvoker.java:597)
at org.testng.internal.TestInvoker.invokeTestMethod(TestInvoker.java:173)
at org.testng.internal.MethodRunner.runInSequence(MethodRunner.java:46)
at org.testng.internal.TestInvoker$MethodInvocationAgent.invoke(TestInvoker.java:816)
at org.testng.internal.TestInvoker.invokeTestMethods(TestInvoker.java:146)
at org.testng.internal.TestMethodWorker.invokeTestMethods(TestMethodWorker.java:146)
at org.testng.internal.TestMethodWorker.run(TestMethodWorker.java:128)
at java.util.ArrayList.forEach(Unknown Source)
at org.testng.TestRunner.privateRun(TestRunner.java:766)
at org.testng.TestRunner.run(TestRunner.java:587)
at org.testng.SuiteRunner.runTest(SuiteRunner.java:384)
at org.testng.SuiteRunner.runSequentially(SuiteRunner.java:378)
at org.testng.SuiteRunner.privateRun(SuiteRunner.java:337)
at org.testng.SuiteRunner.run(SuiteRunner.java:286)
at org.testng.SuiteRunnerWorker.runSuite(SuiteRunnerWorker.java:53)
at org.testng.SuiteRunnerWorker.run(SuiteRunnerWorker.java:96)
at org.testng.TestNG.runSuitesSequentially(TestNG.java:1187)
at org.testng.TestNG.runSuitesLocally(TestNG.java:1109)
at org.testng.TestNG.runSuites(TestNG.java:1039)
at org.testng.TestNG.run(TestNG.java:1007)
at org.testng.remote.AbstractRemoteTestNG.run(AbstractRemoteTestNG.java:115)
at org.testng.remote.RemoteTestNG.initAndRun(RemoteTestNG.java:251)
at org.testng.remote.RemoteTestNG.main(RemoteTestNG.java:77)
]]>
    </error>
  </testcase> <!-- ReachSearchInterface -->
  <system-out/>
</testsuite> <!-- tests.Demo -->
