<?xml version="1.0" encoding="UTF-8"?>
<!-- Generated by org.testng.reporters.JUnitReportReporter -->
<testsuite skipped="0" hostname="DESKTOP-C0NTFRP" name="tests.Follow_UnfollowArtist2" tests="2" failures="0" timestamp="2020-06-11T07:15:01 EET" time="51.510" errors="0">
  <testcase name="FollowAnArtist_Search" time="28.364" classname="tests.Follow_UnfollowArtist2"/>
  <system-out/>
  <testcase name="UnFollowAnArtist_Search" time="23.146" classname="tests.Follow_UnfollowArtist2"/>
  <system-out/>
</testsuite> <!-- tests.Follow_UnfollowArtist2 -->
