<?xml version="1.0" encoding="UTF-8"?>
<!-- Generated by org.testng.reporters.JUnitReportReporter -->
<testsuite skipped="0" hostname="DESKTOP-C0NTFRP" name="tests.ArtistSearchArtist" tests="2" failures="0" timestamp="2020-04-08T16:52:19 EET" time="13.546" errors="0">
  <testcase name="SearchForExistingArtist" time="6.025" classname="tests.ArtistSearchArtist"/>
  <system-out/>
  <testcase name="SearchForNonExistingArtist" time="7.521" classname="tests.ArtistSearchArtist"/>
  <system-out/>
</testsuite> <!-- tests.ArtistSearchArtist -->
