<?xml version="1.0" encoding="UTF-8"?>
<!-- Generated by org.testng.reporters.JUnitReportReporter -->
<testsuite skipped="0" hostname="DESKTOP-C0NTFRP" name="tests.ListenerFunctionalities" tests="1" failures="0" timestamp="2020-04-11T15:13:32 EET" time="14.742" errors="0">
  <testcase name="FollowOrUnfollowArtist" time="14.742" classname="tests.ListenerFunctionalities"/>
  <system-out/>
</testsuite> <!-- tests.ListenerFunctionalities -->
