<?xml version="1.0" encoding="UTF-8"?>
<!-- Generated by org.testng.reporters.JUnitReportReporter -->
<testsuite skipped="0" hostname="DESKTOP-C0NTFRP" name="listenertests.ListenerSearchArtist" tests="3" failures="0" timestamp="2020-03-20T21:56:23 EET" time="20.316" errors="0">
  <testcase name="ReachSearchInterface" time="8.172" classname="listenertests.ListenerSearchArtist"/>
  <system-out/>
  <testcase name="SearchForExistingArtist" time="4.758" classname="listenertests.ListenerSearchArtist"/>
  <system-out/>
  <testcase name="SearchForNonExistingArtist" time="7.386" classname="listenertests.ListenerSearchArtist"/>
  <system-out/>
</testsuite> <!-- listenertests.ListenerSearchArtist -->
