<?xml version="1.0" encoding="UTF-8"?>
<!-- Generated by org.testng.reporters.JUnitReportReporter -->
<testsuite skipped="0" hostname="DESKTOP-C0NTFRP" name="tests.Like_UnlikeAsong" tests="3" failures="0" timestamp="2020-06-09T03:51:18 EET" time="61.912" errors="0">
  <testcase name="LikeAsong" time="24.539" classname="tests.Like_UnlikeAsong"/>
  <system-out/>
  <testcase name="UnlikeAsong" time="11.124" classname="tests.Like_UnlikeAsong"/>
  <system-out/>
  <testcase name="SearchForAsongAndLikeit" time="26.249" classname="tests.Like_UnlikeAsong"/>
  <system-out/>
</testsuite> <!-- tests.Like_UnlikeAsong -->
