<?xml version="1.0" encoding="UTF-8"?>
<!-- Generated by org.testng.reporters.JUnitReportReporter -->
<testsuite skipped="0" hostname="DESKTOP-C0NTFRP" name="tests.ListenerMainSearchTests" tests="3" failures="0" timestamp="2020-03-17T22:43:48 EET" time="21.194" errors="0">
  <testcase name="ReachSearchInterface" time="8.177" classname="tests.ListenerMainSearchTests"/>
  <system-out/>
  <testcase name="SearchForExistingAlbum" time="4.810" classname="tests.ListenerMainSearchTests"/>
  <system-out/>
  <testcase name="SearchForNonExistingAlbum" time="8.207" classname="tests.ListenerMainSearchTests"/>
  <system-out/>
</testsuite> <!-- tests.ListenerMainSearchTests -->
