<?xml version="1.0" encoding="UTF-8"?>
<!-- Generated by org.testng.reporters.JUnitReportReporter -->
<testsuite skipped="0" hostname="DESKTOP-C0NTFRP" name="tests.MusicPlayer" tests="7" failures="0" timestamp="2020-06-10T20:40:09 EET" time="78.820" errors="0">
  <testcase name="PlayaSong" time="31.539" classname="tests.MusicPlayer"/>
  <system-out/>
  <testcase name="NextButton" time="9.474" classname="tests.MusicPlayer"/>
  <system-out/>
  <testcase name="PreviousButton" time="8.621" classname="tests.MusicPlayer"/>
  <system-out/>
  <testcase name="LikeASong" time="4.315" classname="tests.MusicPlayer"/>
  <system-out/>
  <testcase name="UnlikeASong" time="4.588" classname="tests.MusicPlayer"/>
  <system-out/>
  <testcase name="HideASong" time="6.740" classname="tests.MusicPlayer"/>
  <system-out/>
  <testcase name="UnHideASong" time="13.543" classname="tests.MusicPlayer"/>
  <system-out/>
</testsuite> <!-- tests.MusicPlayer -->
