<?xml version="1.0" encoding="UTF-8"?>
<!-- Generated by org.testng.reporters.JUnitReportReporter -->
<testsuite skipped="0" hostname="DESKTOP-C0NTFRP" name="tests.Follow_UnfollowArtist" tests="2" failures="0" timestamp="2020-06-09T20:04:54 EET" time="85.379" errors="0">
  <testcase name="FollowAnArtist" time="49.200" classname="tests.Follow_UnfollowArtist"/>
  <system-out/>
  <testcase name="UnfollowArtist" time="36.179" classname="tests.Follow_UnfollowArtist"/>
  <system-out/>
</testsuite> <!-- tests.Follow_UnfollowArtist -->
