<?xml version="1.0" encoding="UTF-8"?>
<!-- Generated by org.testng.reporters.JUnitReportReporter -->
<testsuite skipped="0" hostname="DESKTOP-C0NTFRP" name="tests.ArtistSearchSong" tests="2" failures="0" timestamp="2020-04-08T16:58:44 EET" time="12.980" errors="0">
  <testcase name="SearchForExistingSong" time="5.645" classname="tests.ArtistSearchSong"/>
  <system-out/>
  <testcase name="SearchForNonExistingSong" time="7.335" classname="tests.ArtistSearchSong"/>
  <system-out/>
</testsuite> <!-- tests.ArtistSearchSong -->
