<?xml version="1.0" encoding="UTF-8"?>
<!-- Generated by org.testng.reporters.JUnitReportReporter -->
<testsuite skipped="0" hostname="DESKTOP-C0NTFRP" name="tests.LikeAsong" tests="1" failures="0" timestamp="2020-06-09T00:33:45 EET" time="26.897" errors="0">
  <testcase name="test1" time="26.897" classname="tests.LikeAsong"/>
  <system-out/>
</testsuite> <!-- tests.LikeAsong -->
