<?xml version="1.0" encoding="UTF-8"?>
<!-- Generated by org.testng.reporters.JUnitReportReporter -->
<testsuite skipped="0" hostname="DESKTOP-C0NTFRP" name="tests.trying" tests="1" failures="0" timestamp="2020-06-08T23:38:03 EET" time="82.717" errors="0">
  <testcase name="test1" time="82.717" classname="tests.trying"/>
  <system-out/>
</testsuite> <!-- tests.trying -->
