<?xml version="1.0" encoding="UTF-8"?>
<!-- Generated by org.testng.reporters.JUnitReportReporter -->
<testsuite skipped="0" hostname="DESKTOP-C0NTFRP" name="tests.Listener" tests="2" failures="0" timestamp="2020-03-17T18:37:53 EET" time="13.893" errors="0">
  <testcase name="SearchForExistingAlbum" time="4.935" classname="tests.Listener"/>
  <system-out/>
  <testcase name="ReachSearchInterface" time="8.958" classname="tests.Listener"/>
  <system-out/>
</testsuite> <!-- tests.Listener -->
