<?xml version="1.0" encoding="UTF-8"?>
<!-- Generated by org.testng.reporters.JUnitReportReporter -->
<testsuite skipped="0" hostname="DESKTOP-C0NTFRP" name="tests.ArtistSearchAlbum" tests="2" failures="0" timestamp="2020-04-08T16:20:18 EET" time="12.849" errors="0">
  <testcase name="SearchForExistingAlbum" time="5.115" classname="tests.ArtistSearchAlbum"/>
  <system-out/>
  <testcase name="SearchForNonExistingAlbum" time="7.734" classname="tests.ArtistSearchAlbum"/>
  <system-out/>
</testsuite> <!-- tests.ArtistSearchAlbum -->
