<?xml version="1.0" encoding="UTF-8"?>
<!-- Generated by org.testng.reporters.JUnitReportReporter -->
<testsuite skipped="0" hostname="DESKTOP-C0NTFRP" name="tests.ArtistFullScenario1" tests="1" failures="0" timestamp="2020-04-11T15:13:32 EET" time="28.285" errors="0">
  <testcase name="ListenerScenario1" time="28.285" classname="tests.ArtistFullScenario1"/>
  <system-out/>
</testsuite> <!-- tests.ArtistFullScenario1 -->
