<?xml version="1.0" encoding="UTF-8"?>
<!-- Generated by org.testng.reporters.JUnitReportReporter -->
<testsuite skipped="0" hostname="DESKTOP-C0NTFRP" name="tests.ArtistSettings" tests="6" failures="0" timestamp="2020-04-11T15:13:32 EET" time="31.585" errors="0">
  <testcase name="ReachSettings" time="1.544" classname="tests.ArtistSettings"/>
  <system-out/>
  <testcase name="ViewProfile" time="3.059" classname="tests.ArtistSettings"/>
  <system-out/>
  <testcase name="SeeMyPlaylists" time="8.013" classname="tests.ArtistSettings"/>
  <system-out/>
  <testcase name="SeeMyFollowers" time="7.784" classname="tests.ArtistSettings"/>
  <system-out/>
  <testcase name="SeeMyFollowing" time="7.609" classname="tests.ArtistSettings"/>
  <system-out/>
  <testcase name="LoggingOut" time="3.576" classname="tests.ArtistSettings"/>
  <system-out/>
</testsuite> <!-- tests.ArtistSettings -->
