<?xml version="1.0" encoding="UTF-8"?>
<!-- Generated by org.testng.reporters.JUnitReportReporter -->
<testsuite skipped="0" hostname="DESKTOP-C0NTFRP" name="tests.ListenerSearchAlbum" tests="2" failures="0" timestamp="2020-04-08T16:41:43 EET" time="14.185" errors="0">
  <testcase name="SearchForExistingAlbum" time="6.016" classname="tests.ListenerSearchAlbum"/>
  <system-out/>
  <testcase name="SearchForNonExistingAlbum" time="8.169" classname="tests.ListenerSearchAlbum"/>
  <system-out/>
</testsuite> <!-- tests.ListenerSearchAlbum -->
