<?xml version="1.0" encoding="UTF-8"?>
<!-- Generated by org.testng.reporters.JUnitReportReporter -->
<testsuite skipped="0" hostname="DESKTOP-C0NTFRP" name="tests.ListenerSettings" tests="6" failures="0" timestamp="2020-04-11T15:13:32 EET" time="35.848" errors="0">
  <testcase name="ReachSettings" time="2.641" classname="tests.ListenerSettings"/>
  <system-out/>
  <testcase name="ViewProfile" time="4.304" classname="tests.ListenerSettings"/>
  <system-out/>
  <testcase name="SeeMyPlaylists" time="8.960" classname="tests.ListenerSettings"/>
  <system-out/>
  <testcase name="SeeMyFollowers" time="7.167" classname="tests.ListenerSettings"/>
  <system-out/>
  <testcase name="SeeMyFollowing" time="9.426" classname="tests.ListenerSettings"/>
  <system-out/>
  <testcase name="LoggingOut" time="3.350" classname="tests.ListenerSettings"/>
  <system-out/>
</testsuite> <!-- tests.ListenerSettings -->
