<?xml version="1.0" encoding="UTF-8"?>
<!-- Generated by org.testng.reporters.JUnitReportReporter -->
<testsuite skipped="0" hostname="DESKTOP-C0NTFRP" name="tests.Tests" tests="1" failures="0" timestamp="2020-03-17T01:03:43 EET" time="11.057" errors="0">
  <testcase name="searchInListener" time="11.057" classname="tests.Tests"/>
  <system-out/>
</testsuite> <!-- tests.Tests -->
