<?xml version="1.0" encoding="UTF-8"?>
<!-- Generated by org.testng.reporters.JUnitReportReporter -->
<testsuite skipped="0" hostname="DESKTOP-C0NTFRP" name="tests.Queue" tests="1" failures="0" timestamp="2020-06-11T08:06:16 EET" time="49.607" errors="0">
  <testcase name="PlayaSong" time="49.607" classname="tests.Queue"/>
  <system-out/>
</testsuite> <!-- tests.Queue -->
