<?xml version="1.0" encoding="UTF-8"?>
<!-- Generated by org.testng.reporters.JUnitReportReporter -->
<testsuite skipped="0" hostname="DESKTOP-C0NTFRP" name="listenertests.ListenerSearchSong" tests="3" failures="0" timestamp="2020-03-20T21:58:06 EET" time="20.326" errors="0">
  <testcase name="ReachSearchInterface" time="8.150" classname="listenertests.ListenerSearchSong"/>
  <system-out/>
  <testcase name="SearchForExistingSong" time="4.823" classname="listenertests.ListenerSearchSong"/>
  <system-out/>
  <testcase name="SearchForNonExistingSong" time="7.353" classname="listenertests.ListenerSearchSong"/>
  <system-out/>
</testsuite> <!-- listenertests.ListenerSearchSong -->
