<?xml version="1.0" encoding="UTF-8"?>
<!-- Generated by org.testng.reporters.JUnitReportReporter -->
<testsuite skipped="0" hostname="DESKTOP-C0NTFRP" name="tests.ArtistFunctionalities" tests="1" failures="0" timestamp="2020-04-11T15:13:32 EET" time="12.504" errors="0">
  <testcase name="FollowOrUnfollowArtist" time="12.504" classname="tests.ArtistFunctionalities"/>
  <system-out/>
</testsuite> <!-- tests.ArtistFunctionalities -->
